[progress][11:59:50] parsed arguments
[progress][11:59:50] loading bin32 graph
[progress] loaded graph: vertices=4847571 edges=68993773
[progress][11:59:52] preparing storage directory
[progress][11:59:52] starting vertex ingest
[progress][11:59:52] finished vertex ingest
[progress][11:59:52] starting edge ingest
[progress] edge batch begin: [0, 262144)
[progress] edge batch commit start: [0, 262144)
[progress] edge batch commit done: [0, 262144)
[progress] edge batch begin: [262144, 524288)
[progress] edge batch commit start: [262144, 524288)
[progress] edge batch commit done: [262144, 524288)
[progress] edge batch begin: [524288, 786432)
[progress] edge batch commit start: [524288, 786432)
[progress] edge batch commit done: [524288, 786432)
[progress] edge batch begin: [786432, 1048576)
[progress] edge batch commit start: [786432, 1048576)
[progress] edge batch commit done: [786432, 1048576)
[progress] edge batch begin: [1048576, 1310720)
[progress] edge batch commit start: [1048576, 1310720)
[progress] edge batch commit done: [1048576, 1310720)
[progress] edge batch begin: [1310720, 1572864)
[progress] edge batch commit start: [1310720, 1572864)
[progress] edge batch commit done: [1310720, 1572864)
[progress] edge batch begin: [1572864, 1835008)
[progress] edge batch commit start: [1572864, 1835008)
[progress] edge batch commit done: [1572864, 1835008)
[progress] edge batch begin: [1835008, 2097152)
[progress] edge batch commit start: [1835008, 2097152)
[progress] edge batch commit done: [1835008, 2097152)
[progress] edge batch begin: [2097152, 2359296)
[progress] edge batch commit start: [2097152, 2359296)
[progress] edge batch commit done: [2097152, 2359296)
[progress] edge batch begin: [2359296, 2621440)
[progress] edge batch commit start: [2359296, 2621440)
[progress] edge batch commit done: [2359296, 2621440)
[progress] edge batch begin: [2621440, 2883584)
[progress] edge batch commit start: [2621440, 2883584)
[progress] edge batch commit done: [2621440, 2883584)
[progress] edge batch begin: [2883584, 3145728)
[progress] edge batch commit start: [2883584, 3145728)
[progress] edge batch commit done: [2883584, 3145728)
[progress] edge batch begin: [3145728, 3407872)
[progress] edge batch commit start: [3145728, 3407872)
[progress] edge batch commit done: [3145728, 3407872)
[progress] edge batch begin: [3407872, 3670016)
[progress] edge batch commit start: [3407872, 3670016)
[progress] edge batch commit done: [3407872, 3670016)
[progress] edge ingest: 3670016 / 68993773 (5.3%)
[progress] edge batch begin: [3670016, 3932160)
[progress] edge batch commit start: [3670016, 3932160)
[progress] edge batch commit done: [3670016, 3932160)
[progress] edge batch begin: [3932160, 4194304)
[progress] edge batch commit start: [3932160, 4194304)
[progress] edge batch commit done: [3932160, 4194304)
[progress] edge batch begin: [4194304, 4456448)
[progress] edge batch commit start: [4194304, 4456448)
[progress] edge batch commit done: [4194304, 4456448)
[progress] edge batch begin: [4456448, 4718592)
[progress] edge batch commit start: [4456448, 4718592)
[progress] edge batch commit done: [4456448, 4718592)
[progress] edge batch begin: [4718592, 4980736)
[progress] edge batch commit start: [4718592, 4980736)
[progress] edge batch commit done: [4718592, 4980736)
[progress] edge batch begin: [4980736, 5242880)
[progress] edge batch commit start: [4980736, 5242880)
[progress] edge batch commit done: [4980736, 5242880)
[progress] edge batch begin: [5242880, 5505024)
[progress] edge batch commit start: [5242880, 5505024)
[progress] edge batch commit done: [5242880, 5505024)
[progress] edge batch begin: [5505024, 5767168)
[progress] edge batch commit start: [5505024, 5767168)
[progress] edge batch commit done: [5505024, 5767168)
[progress] edge batch begin: [5767168, 6029312)
[progress] edge batch commit start: [5767168, 6029312)
[progress] edge batch commit done: [5767168, 6029312)
[progress] edge batch begin: [6029312, 6291456)
[progress] edge batch commit start: [6029312, 6291456)
[progress] edge batch commit done: [6029312, 6291456)
[progress] edge batch begin: [6291456, 6553600)
[progress] edge batch commit start: [6291456, 6553600)
[progress] edge batch commit done: [6291456, 6553600)
[progress] edge batch begin: [6553600, 6815744)
[progress] edge batch commit start: [6553600, 6815744)
[progress] edge batch commit done: [6553600, 6815744)
[progress] edge batch begin: [6815744, 7077888)
[progress] edge batch commit start: [6815744, 7077888)
[progress] edge batch commit done: [6815744, 7077888)
[progress] edge ingest: 7077888 / 68993773 (10.3%)
[progress] edge batch begin: [7077888, 7340032)
[progress] edge batch commit start: [7077888, 7340032)
[progress] edge batch commit done: [7077888, 7340032)
[progress] edge batch begin: [7340032, 7602176)
[progress] edge batch commit start: [7340032, 7602176)
[progress] edge batch commit done: [7340032, 7602176)
[progress] edge batch begin: [7602176, 7864320)
[progress] edge batch commit start: [7602176, 7864320)
[progress] edge batch commit done: [7602176, 7864320)
[progress] edge batch begin: [7864320, 8126464)
[progress] edge batch commit start: [7864320, 8126464)
[progress] edge batch commit done: [7864320, 8126464)
[progress] edge batch begin: [8126464, 8388608)
[progress] edge batch commit start: [8126464, 8388608)
[progress] edge batch commit done: [8126464, 8388608)
[progress] edge batch begin: [8388608, 8650752)
[progress] edge batch commit start: [8388608, 8650752)
[progress] edge batch commit done: [8388608, 8650752)
[progress] edge batch begin: [8650752, 8912896)
[progress] edge batch commit start: [8650752, 8912896)
[progress] edge batch commit done: [8650752, 8912896)
[progress] edge batch begin: [8912896, 9175040)
[progress] edge batch commit start: [8912896, 9175040)
[progress] edge batch commit done: [8912896, 9175040)
[progress] edge batch begin: [9175040, 9437184)
[progress] edge batch commit start: [9175040, 9437184)
[progress] edge batch commit done: [9175040, 9437184)
[progress] edge batch begin: [9437184, 9699328)
[progress] edge batch commit start: [9437184, 9699328)
[progress] edge batch commit done: [9437184, 9699328)
[progress] edge batch begin: [9699328, 9961472)
[progress] edge batch commit start: [9699328, 9961472)
[progress] edge batch commit done: [9699328, 9961472)
[progress] edge batch begin: [9961472, 10223616)
[progress] edge batch commit start: [9961472, 10223616)
[progress] edge batch commit done: [9961472, 10223616)
[progress] edge batch begin: [10223616, 10485760)
[progress] edge batch commit start: [10223616, 10485760)
[progress] edge batch commit done: [10223616, 10485760)
[progress] edge ingest: 10485760 / 68993773 (15.2%)
[progress] edge batch begin: [10485760, 10747904)
[progress] edge batch commit start: [10485760, 10747904)
[progress] edge batch commit done: [10485760, 10747904)
[progress] edge batch begin: [10747904, 11010048)
[progress] edge batch commit start: [10747904, 11010048)
[progress] edge batch commit done: [10747904, 11010048)
[progress] edge batch begin: [11010048, 11272192)
[progress] edge batch commit start: [11010048, 11272192)
[progress] edge batch commit done: [11010048, 11272192)
[progress] edge batch begin: [11272192, 11534336)
[progress] edge batch commit start: [11272192, 11534336)
[progress] edge batch commit done: [11272192, 11534336)
[progress] edge batch begin: [11534336, 11796480)
[progress] edge batch commit start: [11534336, 11796480)
[progress] edge batch commit done: [11534336, 11796480)
[progress] edge batch begin: [11796480, 12058624)
[progress] edge batch commit start: [11796480, 12058624)
[progress] edge batch commit done: [11796480, 12058624)
[progress] edge batch begin: [12058624, 12320768)
[progress] edge batch commit start: [12058624, 12320768)
[progress] edge batch commit done: [12058624, 12320768)
[progress] edge batch begin: [12320768, 12582912)
[progress] edge batch commit start: [12320768, 12582912)
[progress] edge batch commit done: [12320768, 12582912)
[progress] edge batch begin: [12582912, 12845056)
[progress] edge batch commit start: [12582912, 12845056)
[progress] edge batch commit done: [12582912, 12845056)
[progress] edge batch begin: [12845056, 13107200)
[progress] edge batch commit start: [12845056, 13107200)
[progress] edge batch commit done: [12845056, 13107200)
[progress] edge batch begin: [13107200, 13369344)
[progress] edge batch commit start: [13107200, 13369344)
[progress] edge batch commit done: [13107200, 13369344)
[progress] edge batch begin: [13369344, 13631488)
[progress] edge batch commit start: [13369344, 13631488)
[progress] edge batch commit done: [13369344, 13631488)
[progress] edge batch begin: [13631488, 13893632)
[progress] edge batch commit start: [13631488, 13893632)
[progress] edge batch commit done: [13631488, 13893632)
[progress] edge ingest: 13893632 / 68993773 (20.1%)
[progress] edge batch begin: [13893632, 14155776)
[progress] edge batch commit start: [13893632, 14155776)
[progress] edge batch commit done: [13893632, 14155776)
[progress] edge batch begin: [14155776, 14417920)
[progress] edge batch commit start: [14155776, 14417920)
[progress] edge batch commit done: [14155776, 14417920)
[progress] edge batch begin: [14417920, 14680064)
[progress] edge batch commit start: [14417920, 14680064)
[progress] edge batch commit done: [14417920, 14680064)
[progress] edge batch begin: [14680064, 14942208)
[progress] edge batch commit start: [14680064, 14942208)
[progress] edge batch commit done: [14680064, 14942208)
[progress] edge batch begin: [14942208, 15204352)
[progress] edge batch commit start: [14942208, 15204352)
[progress] edge batch commit done: [14942208, 15204352)
[progress] edge batch begin: [15204352, 15466496)
[progress] edge batch commit start: [15204352, 15466496)
[progress] edge batch commit done: [15204352, 15466496)
[progress] edge batch begin: [15466496, 15728640)
[progress] edge batch commit start: [15466496, 15728640)
[progress] edge batch commit done: [15466496, 15728640)
[progress] edge batch begin: [15728640, 15990784)
[progress] edge batch commit start: [15728640, 15990784)
[progress] edge batch commit done: [15728640, 15990784)
[progress] edge batch begin: [15990784, 16252928)
[progress] edge batch commit start: [15990784, 16252928)
[progress] edge batch commit done: [15990784, 16252928)
[progress] edge batch begin: [16252928, 16515072)
[progress] edge batch commit start: [16252928, 16515072)
[progress] edge batch commit done: [16252928, 16515072)
[progress] edge batch begin: [16515072, 16777216)
[progress] edge batch commit start: [16515072, 16777216)
[progress] edge batch commit done: [16515072, 16777216)
[progress] edge batch begin: [16777216, 17039360)
[progress] edge batch commit start: [16777216, 17039360)
[progress] edge batch commit done: [16777216, 17039360)
[progress] edge batch begin: [17039360, 17301504)
[progress] edge batch commit start: [17039360, 17301504)
[progress] edge batch commit done: [17039360, 17301504)
[progress] edge ingest: 17301504 / 68993773 (25.1%)
[progress] edge batch begin: [17301504, 17563648)
[progress] edge batch commit start: [17301504, 17563648)
[progress] edge batch commit done: [17301504, 17563648)
[progress] edge batch begin: [17563648, 17825792)
[progress] edge batch commit start: [17563648, 17825792)
[progress] edge batch commit done: [17563648, 17825792)
[progress] edge batch begin: [17825792, 18087936)
[progress] edge batch commit start: [17825792, 18087936)
[progress] edge batch commit done: [17825792, 18087936)
[progress] edge batch begin: [18087936, 18350080)
[progress] edge batch commit start: [18087936, 18350080)
[progress] edge batch commit done: [18087936, 18350080)
[progress] edge batch begin: [18350080, 18612224)
[progress] edge batch commit start: [18350080, 18612224)
[progress] edge batch commit done: [18350080, 18612224)
[progress] edge batch begin: [18612224, 18874368)
[progress] edge batch commit start: [18612224, 18874368)
[progress] edge batch commit done: [18612224, 18874368)
[progress] edge batch begin: [18874368, 19136512)
[progress] edge batch commit start: [18874368, 19136512)
[progress] edge batch commit done: [18874368, 19136512)
[progress] edge batch begin: [19136512, 19398656)
[progress] edge batch commit start: [19136512, 19398656)
[progress] edge batch commit done: [19136512, 19398656)
[progress] edge batch begin: [19398656, 19660800)
[progress] edge batch commit start: [19398656, 19660800)
[progress] edge batch commit done: [19398656, 19660800)
[progress] edge batch begin: [19660800, 19922944)
[progress] edge batch commit start: [19660800, 19922944)
[progress] edge batch commit done: [19660800, 19922944)
[progress] edge batch begin: [19922944, 20185088)
[progress] edge batch commit start: [19922944, 20185088)
[progress] edge batch commit done: [19922944, 20185088)
[progress] edge batch begin: [20185088, 20447232)
[progress] edge batch commit start: [20185088, 20447232)
[progress] edge batch commit done: [20185088, 20447232)
[progress] edge batch begin: [20447232, 20709376)
[progress] edge batch commit start: [20447232, 20709376)
[progress] edge batch commit done: [20447232, 20709376)
[progress] edge ingest: 20709376 / 68993773 (30.0%)
[progress] edge batch begin: [20709376, 20971520)
[progress] edge batch commit start: [20709376, 20971520)
[progress] edge batch commit done: [20709376, 20971520)
[progress] edge batch begin: [20971520, 21233664)
[progress] edge batch commit start: [20971520, 21233664)
[progress] edge batch commit done: [20971520, 21233664)
[progress] edge batch begin: [21233664, 21495808)
[progress] edge batch commit start: [21233664, 21495808)
[progress] edge batch commit done: [21233664, 21495808)
[progress] edge batch begin: [21495808, 21757952)
[progress] edge batch commit start: [21495808, 21757952)
[progress] edge batch commit done: [21495808, 21757952)
[progress] edge batch begin: [21757952, 22020096)
[progress] edge batch commit start: [21757952, 22020096)
[progress] edge batch commit done: [21757952, 22020096)
[progress] edge batch begin: [22020096, 22282240)
[progress] edge batch commit start: [22020096, 22282240)
[progress] edge batch commit done: [22020096, 22282240)
[progress] edge batch begin: [22282240, 22544384)
[progress] edge batch commit start: [22282240, 22544384)
[progress] edge batch commit done: [22282240, 22544384)
[progress] edge batch begin: [22544384, 22806528)
[progress] edge batch commit start: [22544384, 22806528)
[progress] edge batch commit done: [22544384, 22806528)
[progress] edge batch begin: [22806528, 23068672)
[progress] edge batch commit start: [22806528, 23068672)
[progress] edge batch commit done: [22806528, 23068672)
[progress] edge batch begin: [23068672, 23330816)
[progress] edge batch commit start: [23068672, 23330816)
[progress] edge batch commit done: [23068672, 23330816)
[progress] edge batch begin: [23330816, 23592960)
[progress] edge batch commit start: [23330816, 23592960)
[progress] edge batch commit done: [23330816, 23592960)
[progress] edge batch begin: [23592960, 23855104)
[progress] edge batch commit start: [23592960, 23855104)
[progress] edge batch commit done: [23592960, 23855104)
[progress] edge batch begin: [23855104, 24117248)
[progress] edge batch commit start: [23855104, 24117248)
[progress] edge batch commit done: [23855104, 24117248)
[progress] edge batch begin: [24117248, 24379392)
[progress] edge batch commit start: [24117248, 24379392)
[progress] edge batch commit done: [24117248, 24379392)
[progress] edge ingest: 24379392 / 68993773 (35.3%)
[progress] edge batch begin: [24379392, 24641536)
[progress] edge batch commit start: [24379392, 24641536)
[progress] edge batch commit done: [24379392, 24641536)
[progress] edge batch begin: [24641536, 24903680)
[progress] edge batch commit start: [24641536, 24903680)
[progress] edge batch commit done: [24641536, 24903680)
[progress] edge batch begin: [24903680, 25165824)
[progress] edge batch commit start: [24903680, 25165824)
[progress] edge batch commit done: [24903680, 25165824)
[progress] edge batch begin: [25165824, 25427968)
[progress] edge batch commit start: [25165824, 25427968)
[progress] edge batch commit done: [25165824, 25427968)
[progress] edge batch begin: [25427968, 25690112)
[progress] edge batch commit start: [25427968, 25690112)
[progress] edge batch commit done: [25427968, 25690112)
[progress] edge batch begin: [25690112, 25952256)
[progress] edge batch commit start: [25690112, 25952256)
[progress] edge batch commit done: [25690112, 25952256)
[progress] edge batch begin: [25952256, 26214400)
[progress] edge batch commit start: [25952256, 26214400)
[progress] edge batch commit done: [25952256, 26214400)
[progress] edge batch begin: [26214400, 26476544)
[progress] edge batch commit start: [26214400, 26476544)
[progress] edge batch commit done: [26214400, 26476544)
[progress] edge batch begin: [26476544, 26738688)
[progress] edge batch commit start: [26476544, 26738688)
[progress] edge batch commit done: [26476544, 26738688)
[progress] edge batch begin: [26738688, 27000832)
[progress] edge batch commit start: [26738688, 27000832)
[progress] edge batch commit done: [26738688, 27000832)
[progress] edge batch begin: [27000832, 27262976)
[progress] edge batch commit start: [27000832, 27262976)
[progress] edge batch commit done: [27000832, 27262976)
[progress] edge batch begin: [27262976, 27525120)
[progress] edge batch commit start: [27262976, 27525120)
[progress] edge batch commit done: [27262976, 27525120)
[progress] edge batch begin: [27525120, 27787264)
[progress] edge batch commit start: [27525120, 27787264)
[progress] edge batch commit done: [27525120, 27787264)
[progress] edge ingest: 27787264 / 68993773 (40.3%)
[progress] edge batch begin: [27787264, 28049408)
[progress] edge batch commit start: [27787264, 28049408)
[progress] edge batch commit done: [27787264, 28049408)
[progress] edge batch begin: [28049408, 28311552)
[progress] edge batch commit start: [28049408, 28311552)
[progress] edge batch commit done: [28049408, 28311552)
[progress] edge batch begin: [28311552, 28573696)
[progress] edge batch commit start: [28311552, 28573696)
[progress] edge batch commit done: [28311552, 28573696)
[progress] edge batch begin: [28573696, 28835840)
[progress] edge batch commit start: [28573696, 28835840)
[progress] edge batch commit done: [28573696, 28835840)
[progress] edge batch begin: [28835840, 29097984)
[progress] edge batch commit start: [28835840, 29097984)
[progress] edge batch commit done: [28835840, 29097984)
[progress] edge batch begin: [29097984, 29360128)
[progress] edge batch commit start: [29097984, 29360128)
[progress] edge batch commit done: [29097984, 29360128)
[progress] edge batch begin: [29360128, 29622272)
[progress] edge batch commit start: [29360128, 29622272)
[progress] edge batch commit done: [29360128, 29622272)
[progress] edge batch begin: [29622272, 29884416)
[progress] edge batch commit start: [29622272, 29884416)
[progress] edge batch commit done: [29622272, 29884416)
[progress] edge batch begin: [29884416, 30146560)
[progress] edge batch commit start: [29884416, 30146560)
[progress] edge batch commit done: [29884416, 30146560)
[progress] edge batch begin: [30146560, 30408704)
[progress] edge batch commit start: [30146560, 30408704)
[progress] edge batch commit done: [30146560, 30408704)
[progress] edge batch begin: [30408704, 30670848)
[progress] edge batch commit start: [30408704, 30670848)
[progress] edge batch commit done: [30408704, 30670848)
[progress] edge batch begin: [30670848, 30932992)
[progress] edge batch commit start: [30670848, 30932992)
[progress] edge batch commit done: [30670848, 30932992)
[progress] edge batch begin: [30932992, 31195136)
[progress] edge batch commit start: [30932992, 31195136)
[progress] edge batch commit done: [30932992, 31195136)
[progress] edge ingest: 31195136 / 68993773 (45.2%)
[progress] edge batch begin: [31195136, 31457280)
[progress] edge batch commit start: [31195136, 31457280)
[progress] edge batch commit done: [31195136, 31457280)
[progress] edge batch begin: [31457280, 31719424)
[progress] edge batch commit start: [31457280, 31719424)
[progress] edge batch commit done: [31457280, 31719424)
[progress] edge batch begin: [31719424, 31981568)
[progress] edge batch commit start: [31719424, 31981568)
[progress] edge batch commit done: [31719424, 31981568)
[progress] edge batch begin: [31981568, 32243712)
[progress] edge batch commit start: [31981568, 32243712)
[progress] edge batch commit done: [31981568, 32243712)
[progress] edge batch begin: [32243712, 32505856)
[progress] edge batch commit start: [32243712, 32505856)
[progress] edge batch commit done: [32243712, 32505856)
[progress] edge batch begin: [32505856, 32768000)
[progress] edge batch commit start: [32505856, 32768000)
[progress] edge batch commit done: [32505856, 32768000)
[progress] edge batch begin: [32768000, 33030144)
[progress] edge batch commit start: [32768000, 33030144)
[progress] edge batch commit done: [32768000, 33030144)
[progress] edge batch begin: [33030144, 33292288)
[progress] edge batch commit start: [33030144, 33292288)
[progress] edge batch commit done: [33030144, 33292288)
[progress] edge batch begin: [33292288, 33554432)
[progress] edge batch commit start: [33292288, 33554432)
[progress] edge batch commit done: [33292288, 33554432)
[progress] edge batch begin: [33554432, 33816576)
[progress] edge batch commit start: [33554432, 33816576)
[progress] edge batch commit done: [33554432, 33816576)
[progress] edge batch begin: [33816576, 34078720)
[progress] edge batch commit start: [33816576, 34078720)
[progress] edge batch commit done: [33816576, 34078720)
[progress] edge batch begin: [34078720, 34340864)
[progress] edge batch commit start: [34078720, 34340864)
[progress] edge batch commit done: [34078720, 34340864)
[progress] edge batch begin: [34340864, 34603008)
[progress] edge batch commit start: [34340864, 34603008)
[progress] edge batch commit done: [34340864, 34603008)
[progress] edge ingest: 34603008 / 68993773 (50.2%)
[progress] edge batch begin: [34603008, 34865152)
[progress] edge batch commit start: [34603008, 34865152)
[progress] edge batch commit done: [34603008, 34865152)
[progress] edge batch begin: [34865152, 35127296)
[progress] edge batch commit start: [34865152, 35127296)
[progress] edge batch commit done: [34865152, 35127296)
[progress] edge batch begin: [35127296, 35389440)
[progress] edge batch commit start: [35127296, 35389440)
[progress] edge batch commit done: [35127296, 35389440)
[progress] edge batch begin: [35389440, 35651584)
[progress] edge batch commit start: [35389440, 35651584)
[progress] edge batch commit done: [35389440, 35651584)
[progress] edge batch begin: [35651584, 35913728)
[progress] edge batch commit start: [35651584, 35913728)
[progress] edge batch commit done: [35651584, 35913728)
[progress] edge batch begin: [35913728, 36175872)
[progress] edge batch commit start: [35913728, 36175872)
[progress] edge batch commit done: [35913728, 36175872)
[progress] edge batch begin: [36175872, 36438016)
[progress] edge batch commit start: [36175872, 36438016)
[progress] edge batch commit done: [36175872, 36438016)
[progress] edge batch begin: [36438016, 36700160)
[progress] edge batch commit start: [36438016, 36700160)
[progress] edge batch commit done: [36438016, 36700160)
[progress] edge batch begin: [36700160, 36962304)
[progress] edge batch commit start: [36700160, 36962304)
[progress] edge batch commit done: [36700160, 36962304)
[progress] edge batch begin: [36962304, 37224448)
[progress] edge batch commit start: [36962304, 37224448)
[progress] edge batch commit done: [36962304, 37224448)
[progress] edge batch begin: [37224448, 37486592)
[progress] edge batch commit start: [37224448, 37486592)
[progress] edge batch commit done: [37224448, 37486592)
[progress] edge batch begin: [37486592, 37748736)
[progress] edge batch commit start: [37486592, 37748736)
[progress] edge batch commit done: [37486592, 37748736)
[progress] edge batch begin: [37748736, 38010880)
[progress] edge batch commit start: [37748736, 38010880)
[progress] edge batch commit done: [37748736, 38010880)
[progress] edge ingest: 38010880 / 68993773 (55.1%)
[progress] edge batch begin: [38010880, 38273024)
[progress] edge batch commit start: [38010880, 38273024)
[progress] edge batch commit done: [38010880, 38273024)
[progress] edge batch begin: [38273024, 38535168)
[progress] edge batch commit start: [38273024, 38535168)
[progress] edge batch commit done: [38273024, 38535168)
[progress] edge batch begin: [38535168, 38797312)
[progress] edge batch commit start: [38535168, 38797312)
[progress] edge batch commit done: [38535168, 38797312)
[progress] edge batch begin: [38797312, 39059456)
[progress] edge batch commit start: [38797312, 39059456)
[progress] edge batch commit done: [38797312, 39059456)
[progress] edge batch begin: [39059456, 39321600)
[progress] edge batch commit start: [39059456, 39321600)
[progress] edge batch commit done: [39059456, 39321600)
[progress] edge batch begin: [39321600, 39583744)
[progress] edge batch commit start: [39321600, 39583744)
[progress] edge batch commit done: [39321600, 39583744)
[progress] edge batch begin: [39583744, 39845888)
[progress] edge batch commit start: [39583744, 39845888)
[progress] edge batch commit done: [39583744, 39845888)
[progress] edge batch begin: [39845888, 40108032)
[progress] edge batch commit start: [39845888, 40108032)
[progress] edge batch commit done: [39845888, 40108032)
[progress] edge batch begin: [40108032, 40370176)
[progress] edge batch commit start: [40108032, 40370176)
[progress] edge batch commit done: [40108032, 40370176)
[progress] edge batch begin: [40370176, 40632320)
[progress] edge batch commit start: [40370176, 40632320)
[progress] edge batch commit done: [40370176, 40632320)
[progress] edge batch begin: [40632320, 40894464)
[progress] edge batch commit start: [40632320, 40894464)
[progress] edge batch commit done: [40632320, 40894464)
[progress] edge batch begin: [40894464, 41156608)
[progress] edge batch commit start: [40894464, 41156608)
[progress] edge batch commit done: [40894464, 41156608)
[progress] edge batch begin: [41156608, 41418752)
[progress] edge batch commit start: [41156608, 41418752)
[progress] edge batch commit done: [41156608, 41418752)
[progress] edge ingest: 41418752 / 68993773 (60.0%)
[progress] edge batch begin: [41418752, 41680896)
[progress] edge batch commit start: [41418752, 41680896)
[progress] edge batch commit done: [41418752, 41680896)
[progress] edge batch begin: [41680896, 41943040)
[progress] edge batch commit start: [41680896, 41943040)
[progress] edge batch commit done: [41680896, 41943040)
[progress] edge batch begin: [41943040, 42205184)
[progress] edge batch commit start: [41943040, 42205184)
[progress] edge batch commit done: [41943040, 42205184)
[progress] edge batch begin: [42205184, 42467328)
[progress] edge batch commit start: [42205184, 42467328)
[progress] edge batch commit done: [42205184, 42467328)
[progress] edge batch begin: [42467328, 42729472)
[progress] edge batch commit start: [42467328, 42729472)
[progress] edge batch commit done: [42467328, 42729472)
[progress] edge batch begin: [42729472, 42991616)
[progress] edge batch commit start: [42729472, 42991616)
[progress] edge batch commit done: [42729472, 42991616)
[progress] edge batch begin: [42991616, 43253760)
[progress] edge batch commit start: [42991616, 43253760)
[progress] edge batch commit done: [42991616, 43253760)
[progress] edge batch begin: [43253760, 43515904)
[progress] edge batch commit start: [43253760, 43515904)
[progress] edge batch commit done: [43253760, 43515904)
[progress] edge batch begin: [43515904, 43778048)
[progress] edge batch commit start: [43515904, 43778048)
[progress] edge batch commit done: [43515904, 43778048)
[progress] edge batch begin: [43778048, 44040192)
[progress] edge batch commit start: [43778048, 44040192)
[progress] edge batch commit done: [43778048, 44040192)
[progress] edge batch begin: [44040192, 44302336)
[progress] edge batch commit start: [44040192, 44302336)
[progress] edge batch commit done: [44040192, 44302336)
[progress] edge batch begin: [44302336, 44564480)
[progress] edge batch commit start: [44302336, 44564480)
[progress] edge batch commit done: [44302336, 44564480)
[progress] edge batch begin: [44564480, 44826624)
[progress] edge batch commit start: [44564480, 44826624)
[progress] edge batch commit done: [44564480, 44826624)
[progress] edge batch begin: [44826624, 45088768)
[progress] edge batch commit start: [44826624, 45088768)
[progress] edge batch commit done: [44826624, 45088768)
[progress] edge ingest: 45088768 / 68993773 (65.4%)
[progress] edge batch begin: [45088768, 45350912)
[progress] edge batch commit start: [45088768, 45350912)
[progress] edge batch commit done: [45088768, 45350912)
[progress] edge batch begin: [45350912, 45613056)
[progress] edge batch commit start: [45350912, 45613056)
[progress] edge batch commit done: [45350912, 45613056)
[progress] edge batch begin: [45613056, 45875200)
[progress] edge batch commit start: [45613056, 45875200)
[progress] edge batch commit done: [45613056, 45875200)
[progress] edge batch begin: [45875200, 46137344)
[progress] edge batch commit start: [45875200, 46137344)
[progress] edge batch commit done: [45875200, 46137344)
[progress] edge batch begin: [46137344, 46399488)
[progress] edge batch commit start: [46137344, 46399488)
[progress] edge batch commit done: [46137344, 46399488)
[progress] edge batch begin: [46399488, 46661632)
[progress] edge batch commit start: [46399488, 46661632)
[progress] edge batch commit done: [46399488, 46661632)
[progress] edge batch begin: [46661632, 46923776)
[progress] edge batch commit start: [46661632, 46923776)
[progress] edge batch commit done: [46661632, 46923776)
[progress] edge batch begin: [46923776, 47185920)
[progress] edge batch commit start: [46923776, 47185920)
[progress] edge batch commit done: [46923776, 47185920)
[progress] edge batch begin: [47185920, 47448064)
[progress] edge batch commit start: [47185920, 47448064)
[progress] edge batch commit done: [47185920, 47448064)
[progress] edge batch begin: [47448064, 47710208)
[progress] edge batch commit start: [47448064, 47710208)
[progress] edge batch commit done: [47448064, 47710208)
[progress] edge batch begin: [47710208, 47972352)
[progress] edge batch commit start: [47710208, 47972352)
[progress] edge batch commit done: [47710208, 47972352)
[progress] edge batch begin: [47972352, 48234496)
[progress] edge batch commit start: [47972352, 48234496)
[progress] edge batch commit done: [47972352, 48234496)
[progress] edge batch begin: [48234496, 48496640)
[progress] edge batch commit start: [48234496, 48496640)
[progress] edge batch commit done: [48234496, 48496640)
[progress] edge ingest: 48496640 / 68993773 (70.3%)
[progress] edge batch begin: [48496640, 48758784)
[progress] edge batch commit start: [48496640, 48758784)
[progress] edge batch commit done: [48496640, 48758784)
[progress] edge batch begin: [48758784, 49020928)
[progress] edge batch commit start: [48758784, 49020928)
[progress] edge batch commit done: [48758784, 49020928)
[progress] edge batch begin: [49020928, 49283072)
[progress] edge batch commit start: [49020928, 49283072)
[progress] edge batch commit done: [49020928, 49283072)
[progress] edge batch begin: [49283072, 49545216)
[progress] edge batch commit start: [49283072, 49545216)
[progress] edge batch commit done: [49283072, 49545216)
[progress] edge batch begin: [49545216, 49807360)
[progress] edge batch commit start: [49545216, 49807360)
[progress] edge batch commit done: [49545216, 49807360)
[progress] edge batch begin: [49807360, 50069504)
[progress] edge batch commit start: [49807360, 50069504)
[progress] edge batch commit done: [49807360, 50069504)
[progress] edge batch begin: [50069504, 50331648)
[progress] edge batch commit start: [50069504, 50331648)
[progress] edge batch commit done: [50069504, 50331648)
[progress] edge batch begin: [50331648, 50593792)
[progress] edge batch commit start: [50331648, 50593792)
[progress] edge batch commit done: [50331648, 50593792)
[progress] edge batch begin: [50593792, 50855936)
[progress] edge batch commit start: [50593792, 50855936)
[progress] edge batch commit done: [50593792, 50855936)
[progress] edge batch begin: [50855936, 51118080)
[progress] edge batch commit start: [50855936, 51118080)
[progress] edge batch commit done: [50855936, 51118080)
[progress] edge batch begin: [51118080, 51380224)
[progress] edge batch commit start: [51118080, 51380224)
[progress] edge batch commit done: [51118080, 51380224)
[progress] edge batch begin: [51380224, 51642368)
[progress] edge batch commit start: [51380224, 51642368)
[progress] edge batch commit done: [51380224, 51642368)
[progress] edge batch begin: [51642368, 51904512)
[progress] edge batch commit start: [51642368, 51904512)
[progress] edge batch commit done: [51642368, 51904512)
[progress] edge ingest: 51904512 / 68993773 (75.2%)
[progress] edge batch begin: [51904512, 52166656)
[progress] edge batch commit start: [51904512, 52166656)
[progress] edge batch commit done: [51904512, 52166656)
[progress] edge batch begin: [52166656, 52428800)
[progress] edge batch commit start: [52166656, 52428800)
[progress] edge batch commit done: [52166656, 52428800)
[progress] edge batch begin: [52428800, 52690944)
[progress] edge batch commit start: [52428800, 52690944)
[progress] edge batch commit done: [52428800, 52690944)
[progress] edge batch begin: [52690944, 52953088)
[progress] edge batch commit start: [52690944, 52953088)
[progress] edge batch commit done: [52690944, 52953088)
[progress] edge batch begin: [52953088, 53215232)
[progress] edge batch commit start: [52953088, 53215232)
[progress] edge batch commit done: [52953088, 53215232)
[progress] edge batch begin: [53215232, 53477376)
[progress] edge batch commit start: [53215232, 53477376)
[progress] edge batch commit done: [53215232, 53477376)
[progress] edge batch begin: [53477376, 53739520)
[progress] edge batch commit start: [53477376, 53739520)
[progress] edge batch commit done: [53477376, 53739520)
[progress] edge batch begin: [53739520, 54001664)
[progress] edge batch commit start: [53739520, 54001664)
[progress] edge batch commit done: [53739520, 54001664)
[progress] edge batch begin: [54001664, 54263808)
[progress] edge batch commit start: [54001664, 54263808)
[progress] edge batch commit done: [54001664, 54263808)
[progress] edge batch begin: [54263808, 54525952)
[progress] edge batch commit start: [54263808, 54525952)
[progress] edge batch commit done: [54263808, 54525952)
[progress] edge batch begin: [54525952, 54788096)
[progress] edge batch commit start: [54525952, 54788096)
[progress] edge batch commit done: [54525952, 54788096)
[progress] edge batch begin: [54788096, 55050240)
[progress] edge batch commit start: [54788096, 55050240)
[progress] edge batch commit done: [54788096, 55050240)
[progress] edge batch begin: [55050240, 55312384)
[progress] edge batch commit start: [55050240, 55312384)
[progress] edge batch commit done: [55050240, 55312384)
[progress] edge ingest: 55312384 / 68993773 (80.2%)
[progress] edge batch begin: [55312384, 55574528)
[progress] edge batch commit start: [55312384, 55574528)
[progress] edge batch commit done: [55312384, 55574528)
[progress] edge batch begin: [55574528, 55836672)
[progress] edge batch commit start: [55574528, 55836672)
[progress] edge batch commit done: [55574528, 55836672)
[progress] edge batch begin: [55836672, 56098816)
[progress] edge batch commit start: [55836672, 56098816)
[progress] edge batch commit done: [55836672, 56098816)
[progress] edge batch begin: [56098816, 56360960)
[progress] edge batch commit start: [56098816, 56360960)
[progress] edge batch commit done: [56098816, 56360960)
[progress] edge batch begin: [56360960, 56623104)
[progress] edge batch commit start: [56360960, 56623104)
[progress] edge batch commit done: [56360960, 56623104)
[progress] edge batch begin: [56623104, 56885248)
[progress] edge batch commit start: [56623104, 56885248)
[progress] edge batch commit done: [56623104, 56885248)
[progress] edge batch begin: [56885248, 57147392)
[progress] edge batch commit start: [56885248, 57147392)
[progress] edge batch commit done: [56885248, 57147392)
[progress] edge batch begin: [57147392, 57409536)
[progress] edge batch commit start: [57147392, 57409536)
[progress] edge batch commit done: [57147392, 57409536)
[progress] edge batch begin: [57409536, 57671680)
[progress] edge batch commit start: [57409536, 57671680)
[progress] edge batch commit done: [57409536, 57671680)
[progress] edge batch begin: [57671680, 57933824)
[progress] edge batch commit start: [57671680, 57933824)
[progress] edge batch commit done: [57671680, 57933824)
[progress] edge batch begin: [57933824, 58195968)
[progress] edge batch commit start: [57933824, 58195968)
[progress] edge batch commit done: [57933824, 58195968)
[progress] edge batch begin: [58195968, 58458112)
[progress] edge batch commit start: [58195968, 58458112)
[progress] edge batch commit done: [58195968, 58458112)
[progress] edge batch begin: [58458112, 58720256)
[progress] edge batch commit start: [58458112, 58720256)
[progress] edge batch commit done: [58458112, 58720256)
[progress] edge ingest: 58720256 / 68993773 (85.1%)
[progress] edge batch begin: [58720256, 58982400)
[progress] edge batch commit start: [58720256, 58982400)
[progress] edge batch commit done: [58720256, 58982400)
[progress] edge batch begin: [58982400, 59244544)
[progress] edge batch commit start: [58982400, 59244544)
[progress] edge batch commit done: [58982400, 59244544)
[progress] edge batch begin: [59244544, 59506688)
[progress] edge batch commit start: [59244544, 59506688)
[progress] edge batch commit done: [59244544, 59506688)
[progress] edge batch begin: [59506688, 59768832)
[progress] edge batch commit start: [59506688, 59768832)
[progress] edge batch commit done: [59506688, 59768832)
[progress] edge batch begin: [59768832, 60030976)
[progress] edge batch commit start: [59768832, 60030976)
[progress] edge batch commit done: [59768832, 60030976)
[progress] edge batch begin: [60030976, 60293120)
[progress] edge batch commit start: [60030976, 60293120)
[progress] edge batch commit done: [60030976, 60293120)
[progress] edge batch begin: [60293120, 60555264)
[progress] edge batch commit start: [60293120, 60555264)
[progress] edge batch commit done: [60293120, 60555264)
[progress] edge batch begin: [60555264, 60817408)
[progress] edge batch commit start: [60555264, 60817408)
[progress] edge batch commit done: [60555264, 60817408)
[progress] edge batch begin: [60817408, 61079552)
[progress] edge batch commit start: [60817408, 61079552)
[progress] edge batch commit done: [60817408, 61079552)
[progress] edge batch begin: [61079552, 61341696)
[progress] edge batch commit start: [61079552, 61341696)
[progress] edge batch commit done: [61079552, 61341696)
[progress] edge batch begin: [61341696, 61603840)
[progress] edge batch commit start: [61341696, 61603840)
[progress] edge batch commit done: [61341696, 61603840)
[progress] edge batch begin: [61603840, 61865984)
[progress] edge batch commit start: [61603840, 61865984)
[progress] edge batch commit done: [61603840, 61865984)
[progress] edge batch begin: [61865984, 62128128)
[progress] edge batch commit start: [61865984, 62128128)
[progress] edge batch commit done: [61865984, 62128128)
[progress] edge ingest: 62128128 / 68993773 (90.0%)
[progress] edge batch begin: [62128128, 62390272)
[progress] edge batch commit start: [62128128, 62390272)
[progress] edge batch commit done: [62128128, 62390272)
[progress] edge batch begin: [62390272, 62652416)
[progress] edge batch commit start: [62390272, 62652416)
[progress] edge batch commit done: [62390272, 62652416)
[progress] edge batch begin: [62652416, 62914560)
[progress] edge batch commit start: [62652416, 62914560)
[progress] edge batch commit done: [62652416, 62914560)
[progress] edge batch begin: [62914560, 63176704)
[progress] edge batch commit start: [62914560, 63176704)
[progress] edge batch commit done: [62914560, 63176704)
[progress] edge batch begin: [63176704, 63438848)
[progress] edge batch commit start: [63176704, 63438848)
[progress] edge batch commit done: [63176704, 63438848)
[progress] edge batch begin: [63438848, 63700992)
[progress] edge batch commit start: [63438848, 63700992)
[progress] edge batch commit done: [63438848, 63700992)
[progress] edge batch begin: [63700992, 63963136)
[progress] edge batch commit start: [63700992, 63963136)
[progress] edge batch commit done: [63700992, 63963136)
[progress] edge batch begin: [63963136, 64225280)
[progress] edge batch commit start: [63963136, 64225280)
[progress] edge batch commit done: [63963136, 64225280)
[progress] edge batch begin: [64225280, 64487424)
[progress] edge batch commit start: [64225280, 64487424)
[progress] edge batch commit done: [64225280, 64487424)
[progress] edge batch begin: [64487424, 64749568)
[progress] edge batch commit start: [64487424, 64749568)
[progress] edge batch commit done: [64487424, 64749568)
[progress] edge batch begin: [64749568, 65011712)
[progress] edge batch commit start: [64749568, 65011712)
[progress] edge batch commit done: [64749568, 65011712)
[progress] edge batch begin: [65011712, 65273856)
[progress] edge batch commit start: [65011712, 65273856)
[progress] edge batch commit done: [65011712, 65273856)
[progress] edge batch begin: [65273856, 65536000)
[progress] edge batch commit start: [65273856, 65536000)
[progress] edge batch commit done: [65273856, 65536000)
[progress] edge batch begin: [65536000, 65798144)
[progress] edge batch commit start: [65536000, 65798144)
[progress] edge batch commit done: [65536000, 65798144)
[progress] edge ingest: 65798144 / 68993773 (95.4%)
[progress] edge batch begin: [65798144, 66060288)
[progress] edge batch commit start: [65798144, 66060288)
[progress] edge batch commit done: [65798144, 66060288)
[progress] edge batch begin: [66060288, 66322432)
[progress] edge batch commit start: [66060288, 66322432)
[progress] edge batch commit done: [66060288, 66322432)
[progress] edge batch begin: [66322432, 66584576)
[progress] edge batch commit start: [66322432, 66584576)
[progress] edge batch commit done: [66322432, 66584576)
[progress] edge batch begin: [66584576, 66846720)
[progress] edge batch commit start: [66584576, 66846720)
[progress] edge batch commit done: [66584576, 66846720)
[progress] edge batch begin: [66846720, 67108864)
[progress] edge batch commit start: [66846720, 67108864)
[progress] edge batch commit done: [66846720, 67108864)
[progress] edge batch begin: [67108864, 67371008)
[progress] edge batch commit start: [67108864, 67371008)
[progress] edge batch commit done: [67108864, 67371008)
[progress] edge batch begin: [67371008, 67633152)
[progress] edge batch commit start: [67371008, 67633152)
[progress] edge batch commit done: [67371008, 67633152)
[progress] edge batch begin: [67633152, 67895296)
[progress] edge batch commit start: [67633152, 67895296)
[progress] edge batch commit done: [67633152, 67895296)
[progress] edge batch begin: [67895296, 68157440)
[progress] edge batch commit start: [67895296, 68157440)
[progress] edge batch commit done: [67895296, 68157440)
[progress] edge batch begin: [68157440, 68419584)
[progress] edge batch commit start: [68157440, 68419584)
[progress] edge batch commit done: [68157440, 68419584)
[progress] edge batch begin: [68419584, 68681728)
[progress] edge batch commit start: [68419584, 68681728)
[progress] edge batch commit done: [68419584, 68681728)
[progress] edge batch begin: [68681728, 68943872)
[progress] edge batch commit start: [68681728, 68943872)
[progress] edge batch commit done: [68681728, 68943872)
[progress] edge batch begin: [68943872, 68993773)
[progress] edge batch commit start: [68943872, 68993773)
[progress] edge batch commit done: [68943872, 68993773)
[progress] edge ingest: 68993773 / 68993773 (100.0%)
[progress][12:03:00] finished edge ingest
[progress] bfs round 1 / 1, source=0
[progress][12:03:07] starting pagerank
[progress][12:03:12] finished pagerank
[progress][12:03:12] starting connected components
[progress][12:03:16] finished connected components
[EXPOUT]Dataset: /home/denglong.1997/bubble-datasets/data/bin32/shuffled/livejournal/livejournal.bin
[EXPOUT]StorageDir: /home/denglong.1997/graph_works/data/livegraph-livejournal-verify
[EXPOUT]Vertex count: 4847571
[EXPOUT]Edge count: 68993773
[EXPOUT]Load: 1.4303
[EXPOUT]Ingest: 188.1548
[EXPOUT]BFS: 7.1079
[EXPOUT]PR: 4.8395
[EXPOUT]CC: 4.0333
[EXPOUT]BFS_Checksum: 4400347
[EXPOUT]PR_Sum: 1.10466132
[EXPOUT]CC_Components: 357876
[EXPOUT]Total: 205.5668
Ingest bandwidth: 0.3667M Edges/s
